This file contains any messages produced by compilers while
running configure, to aid debugging if configure makes a mistake.

It was created by configure, which was
generated by GNU Autoconf 2.59.  Invocation command line was

  $ ./configure 

## --------- ##
## Platform. ##
## --------- ##

hostname = ubuntu
uname -m = x86_64
uname -r = 3.13.0-52-generic
uname -s = Linux
uname -v = #86-Ubuntu SMP Mon May 4 04:32:59 UTC 2015

/usr/bin/uname -p = unknown
/bin/uname -X     = unknown

/bin/arch              = unknown
/usr/bin/arch -k       = unknown
/usr/convex/getsysinfo = unknown
hostinfo               = unknown
/bin/machine           = unknown
/usr/bin/oslevel       = unknown
/bin/universe          = unknown

PATH: /usr/local/sbin
PATH: /usr/local/bin
PATH: /usr/sbin
PATH: /usr/bin
PATH: /sbin
PATH: /bin
PATH: /usr/games
PATH: /usr/local/games


## ----------- ##
## Core tests. ##
## ----------- ##

configure:1360: checking for a BSD-compatible install
configure:1415: result: /usr/bin/install -c
configure:1426: checking whether build environment is sane
configure:1469: result: yes
configure:1484: checking whether make sets $(MAKE)
configure:1504: result: yes
configure:1536: checking for working aclocal-1.4
configure:1547: result: missing
configure:1551: checking for working autoconf
configure:1558: result: found
configure:1566: checking for working automake-1.4
configure:1577: result: missing
configure:1581: checking for working autoheader
configure:1588: result: found
configure:1596: checking for working makeinfo
configure:1607: result: missing
configure:1665: checking for gcc
configure:1681: found /usr/bin/gcc
configure:1691: result: gcc
configure:1935: checking for C compiler version
configure:1938: gcc --version </dev/null >&5
gcc (Ubuntu 4.8.2-19ubuntu1) 4.8.2
Copyright (C) 2013 Free Software Foundation, Inc.
This is free software; see the source for copying conditions.  There is NO
warranty; not even for MERCHANTABILITY or FITNESS FOR A PARTICULAR PURPOSE.

configure:1941: $? = 0
configure:1943: gcc -v </dev/null >&5
Using built-in specs.
COLLECT_GCC=gcc
COLLECT_LTO_WRAPPER=/usr/lib/gcc/x86_64-linux-gnu/4.8/lto-wrapper
Target: x86_64-linux-gnu
Configured with: ../src/configure -v --with-pkgversion='Ubuntu 4.8.2-19ubuntu1' --with-bugurl=file:///usr/share/doc/gcc-4.8/README.Bugs --enable-languages=c,c++,java,go,d,fortran,objc,obj-c++ --prefix=/usr --program-suffix=-4.8 --enable-shared --enable-linker-build-id --libexecdir=/usr/lib --without-included-gettext --enable-threads=posix --with-gxx-include-dir=/usr/include/c++/4.8 --libdir=/usr/lib --enable-nls --with-sysroot=/ --enable-clocale=gnu --enable-libstdcxx-debug --enable-libstdcxx-time=yes --enable-gnu-unique-object --disable-libmudflap --enable-plugin --with-system-zlib --disable-browser-plugin --enable-java-awt=gtk --enable-gtk-cairo --with-java-home=/usr/lib/jvm/java-1.5.0-gcj-4.8-amd64/jre --enable-java-home --with-jvm-root-dir=/usr/lib/jvm/java-1.5.0-gcj-4.8-amd64 --with-jvm-jar-dir=/usr/lib/jvm-exports/java-1.5.0-gcj-4.8-amd64 --with-arch-directory=amd64 --with-ecj-jar=/usr/share/java/eclipse-ecj.jar --enable-objc-gc --enable-multiarch --disable-werror --with-arch-32=i686 --with-abi=m64 --with-multilib-list=m32,m64,mx32 --with-tune=generic --enable-checking=release --build=x86_64-linux-gnu --host=x86_64-linux-gnu --target=x86_64-linux-gnu
Thread model: posix
gcc version 4.8.2 (Ubuntu 4.8.2-19ubuntu1) 
configure:1946: $? = 0
configure:1948: gcc -V </dev/null >&5
gcc: error: unrecognized command line option '-V'
gcc: fatal error: no input files
compilation terminated.
configure:1951: $? = 4
configure:1974: checking for C compiler default output file name
configure:1977: gcc    conftest.c  >&5
configure:1980: $? = 0
configure:2026: result: a.out
configure:2031: checking whether the C compiler works
configure:2037: ./a.out
configure:2040: $? = 0
configure:2057: result: yes
configure:2064: checking whether we are cross compiling
configure:2066: result: no
configure:2069: checking for suffix of executables
configure:2071: gcc -o conftest    conftest.c  >&5
configure:2074: $? = 0
configure:2099: result: 
configure:2105: checking for suffix of object files
configure:2126: gcc -c   conftest.c >&5
configure:2129: $? = 0
configure:2151: result: o
configure:2155: checking whether we are using the GNU C compiler
configure:2179: gcc -c   conftest.c >&5
configure:2185: $? = 0
configure:2188: test -z 			 || test ! -s conftest.err
configure:2191: $? = 0
configure:2194: test -s conftest.o
configure:2197: $? = 0
configure:2210: result: yes
configure:2216: checking whether gcc accepts -g
configure:2237: gcc -c -g  conftest.c >&5
configure:2243: $? = 0
configure:2246: test -z 			 || test ! -s conftest.err
configure:2249: $? = 0
configure:2252: test -s conftest.o
configure:2255: $? = 0
configure:2266: result: yes
configure:2283: checking for gcc option to accept ANSI C
configure:2353: gcc  -c -g -O2  conftest.c >&5
configure:2359: $? = 0
configure:2362: test -z 			 || test ! -s conftest.err
configure:2365: $? = 0
configure:2368: test -s conftest.o
configure:2371: $? = 0
configure:2389: result: none needed
configure:2407: gcc -c -g -O2  conftest.c >&5
conftest.c:2:3: error: unknown type name 'choke'
   choke me
   ^
conftest.c:2:3: error: expected '=', ',', ';', 'asm' or '__attribute__' at end of input
configure:2413: $? = 1
configure: failed program was:
| #ifndef __cplusplus
|   choke me
| #endif
configure:2556: checking for a BSD-compatible install
configure:2611: result: /usr/bin/install -c
configure:2622: checking whether ln -s works
configure:2626: result: yes
configure:2674: checking for ranlib
configure:2690: found /usr/bin/ranlib
configure:2701: result: ranlib
configure:2715: checking for strerror in -lcposix
configure:2745: gcc -o conftest -g -O2   conftest.c -lcposix   >&5
/usr/bin/ld: cannot find -lcposix
collect2: error: ld returned 1 exit status
configure:2751: $? = 1
configure: failed program was:
| /* confdefs.h.  */
| 
| #define PACKAGE_NAME ""
| #define PACKAGE_TARNAME ""
| #define PACKAGE_VERSION ""
| #define PACKAGE_STRING ""
| #define PACKAGE_BUGREPORT ""
| #define PACKAGE "siag"
| #define VERSION "3.6.1"
| /* end confdefs.h.  */
| 
| /* Override any gcc2 internal prototype to avoid an error.  */
| #ifdef __cplusplus
| extern "C"
| #endif
| /* We use char because int might match the return type of a gcc2
|    builtin and then its argument prototype would still apply.  */
| char strerror ();
| int
| main ()
| {
| strerror ();
|   ;
|   return 0;
| }
configure:2776: result: no
configure:2791: checking how to run the C preprocessor
configure:2826: gcc -E  conftest.c
configure:2832: $? = 0
configure:2864: gcc -E  conftest.c
conftest.c:11:28: fatal error: ac_nonexistent.h: No such file or directory
 #include <ac_nonexistent.h>
                            ^
compilation terminated.
configure:2870: $? = 1
configure: failed program was:
| /* confdefs.h.  */
| 
| #define PACKAGE_NAME ""
| #define PACKAGE_TARNAME ""
| #define PACKAGE_VERSION ""
| #define PACKAGE_STRING ""
| #define PACKAGE_BUGREPORT ""
| #define PACKAGE "siag"
| #define VERSION "3.6.1"
| /* end confdefs.h.  */
| #include <ac_nonexistent.h>
configure:2909: result: gcc -E
configure:2933: gcc -E  conftest.c
configure:2939: $? = 0
configure:2971: gcc -E  conftest.c
conftest.c:11:28: fatal error: ac_nonexistent.h: No such file or directory
 #include <ac_nonexistent.h>
                            ^
compilation terminated.
configure:2977: $? = 1
configure: failed program was:
| /* confdefs.h.  */
| 
| #define PACKAGE_NAME ""
| #define PACKAGE_TARNAME ""
| #define PACKAGE_VERSION ""
| #define PACKAGE_STRING ""
| #define PACKAGE_BUGREPORT ""
| #define PACKAGE "siag"
| #define VERSION "3.6.1"
| /* end confdefs.h.  */
| #include <ac_nonexistent.h>
configure:3023: checking for X
configure:3129: gcc -E  conftest.c
configure:3135: $? = 0
configure:3185: gcc -o conftest -g -O2   conftest.c -lX11  >&5
configure:3191: $? = 0
configure:3194: test -z 			 || test ! -s conftest.err
configure:3197: $? = 0
configure:3200: test -s conftest
configure:3203: $? = 0
configure:3257: result: libraries , headers in standard search path
configure:3428: gcc -o conftest -g -O2   conftest.c   -lX11 >&5
configure:3434: $? = 0
configure:3437: test -z 			 || test ! -s conftest.err
configure:3440: $? = 0
configure:3443: test -s conftest
configure:3446: $? = 0
configure:3602: checking for gethostbyname
configure:3659: gcc -o conftest -g -O2   conftest.c  >&5
configure:3665: $? = 0
configure:3668: test -z 			 || test ! -s conftest.err
configure:3671: $? = 0
configure:3674: test -s conftest
configure:3677: $? = 0
configure:3689: result: yes
configure:3838: checking for connect
configure:3895: gcc -o conftest -g -O2   conftest.c  >&5
configure:3901: $? = 0
configure:3904: test -z 			 || test ! -s conftest.err
configure:3907: $? = 0
configure:3910: test -s conftest
configure:3913: $? = 0
configure:3925: result: yes
configure:3999: checking for remove
configure:4056: gcc -o conftest -g -O2   conftest.c  >&5
configure:4062: $? = 0
configure:4065: test -z 			 || test ! -s conftest.err
configure:4068: $? = 0
configure:4071: test -s conftest
configure:4074: $? = 0
configure:4086: result: yes
configure:4160: checking for shmat
configure:4217: gcc -o conftest -g -O2   conftest.c  >&5
configure:4223: $? = 0
configure:4226: test -z 			 || test ! -s conftest.err
configure:4229: $? = 0
configure:4232: test -s conftest
configure:4235: $? = 0
configure:4247: result: yes
configure:4330: checking for IceConnectionNumber in -lICE
configure:4360: gcc -o conftest -g -O2   conftest.c -lICE   >&5
configure:4366: $? = 0
configure:4369: test -z 			 || test ! -s conftest.err
configure:4372: $? = 0
configure:4375: test -s conftest
configure:4378: $? = 0
configure:4391: result: yes
configure:4409: checking for dirent.h that defines DIR
configure:4433: gcc -c -g -O2  conftest.c >&5
configure:4439: $? = 0
configure:4442: test -z 			 || test ! -s conftest.err
configure:4445: $? = 0
configure:4448: test -s conftest.o
configure:4451: $? = 0
configure:4462: result: yes
configure:4475: checking for library containing opendir
configure:4505: gcc -o conftest -g -O2   conftest.c  >&5
configure:4511: $? = 0
configure:4514: test -z 			 || test ! -s conftest.err
configure:4517: $? = 0
configure:4520: test -s conftest
configure:4523: $? = 0
configure:4592: result: none required
configure:4726: checking for egrep
configure:4736: result: grep -E
configure:4741: checking for ANSI C header files
configure:4766: gcc -c -g -O2  conftest.c >&5
configure:4772: $? = 0
configure:4775: test -z 			 || test ! -s conftest.err
configure:4778: $? = 0
configure:4781: test -s conftest.o
configure:4784: $? = 0
configure:4873: gcc -o conftest -g -O2   conftest.c  >&5
conftest.c: In function 'main':
conftest.c:29:7: warning: incompatible implicit declaration of built-in function 'exit' [enabled by default]
       exit(2);
       ^
configure:4876: $? = 0
configure:4878: ./conftest
configure:4881: $? = 0
configure:4896: result: yes
configure:4920: checking for sys/types.h
configure:4936: gcc -c -g -O2  conftest.c >&5
configure:4942: $? = 0
configure:4945: test -z 			 || test ! -s conftest.err
configure:4948: $? = 0
configure:4951: test -s conftest.o
configure:4954: $? = 0
configure:4965: result: yes
configure:4920: checking for sys/stat.h
configure:4936: gcc -c -g -O2  conftest.c >&5
configure:4942: $? = 0
configure:4945: test -z 			 || test ! -s conftest.err
configure:4948: $? = 0
configure:4951: test -s conftest.o
configure:4954: $? = 0
configure:4965: result: yes
configure:4920: checking for stdlib.h
configure:4936: gcc -c -g -O2  conftest.c >&5
configure:4942: $? = 0
configure:4945: test -z 			 || test ! -s conftest.err
configure:4948: $? = 0
configure:4951: test -s conftest.o
configure:4954: $? = 0
configure:4965: result: yes
configure:4920: checking for string.h
configure:4936: gcc -c -g -O2  conftest.c >&5
configure:4942: $? = 0
configure:4945: test -z 			 || test ! -s conftest.err
configure:4948: $? = 0
configure:4951: test -s conftest.o
configure:4954: $? = 0
configure:4965: result: yes
configure:4920: checking for memory.h
configure:4936: gcc -c -g -O2  conftest.c >&5
configure:4942: $? = 0
configure:4945: test -z 			 || test ! -s conftest.err
configure:4948: $? = 0
configure:4951: test -s conftest.o
configure:4954: $? = 0
configure:4965: result: yes
configure:4920: checking for strings.h
configure:4936: gcc -c -g -O2  conftest.c >&5
configure:4942: $? = 0
configure:4945: test -z 			 || test ! -s conftest.err
configure:4948: $? = 0
configure:4951: test -s conftest.o
configure:4954: $? = 0
configure:4965: result: yes
configure:4920: checking for inttypes.h
configure:4936: gcc -c -g -O2  conftest.c >&5
configure:4942: $? = 0
configure:4945: test -z 			 || test ! -s conftest.err
configure:4948: $? = 0
configure:4951: test -s conftest.o
configure:4954: $? = 0
configure:4965: result: yes
configure:4920: checking for stdint.h
configure:4936: gcc -c -g -O2  conftest.c >&5
configure:4942: $? = 0
configure:4945: test -z 			 || test ! -s conftest.err
configure:4948: $? = 0
configure:4951: test -s conftest.o
configure:4954: $? = 0
configure:4965: result: yes
configure:4920: checking for unistd.h
configure:4936: gcc -c -g -O2  conftest.c >&5
configure:4942: $? = 0
configure:4945: test -z 			 || test ! -s conftest.err
configure:4948: $? = 0
configure:4951: test -s conftest.o
configure:4954: $? = 0
configure:4965: result: yes
configure:4977: checking whether sys/types.h defines makedev
configure:4998: gcc -o conftest -g -O2   conftest.c  >&5
configure:5004: $? = 0
configure:5007: test -z 			 || test ! -s conftest.err
configure:5010: $? = 0
configure:5013: test -s conftest
configure:5016: $? = 0
configure:5029: result: yes
configure:5330: checking for an ANSI C-conforming const
configure:5397: gcc -c -g -O2  conftest.c >&5
configure:5403: $? = 0
configure:5406: test -z 			 || test ! -s conftest.err
configure:5409: $? = 0
configure:5412: test -s conftest.o
configure:5415: $? = 0
configure:5426: result: yes
configure:5436: checking for size_t
configure:5460: gcc -c -g -O2  conftest.c >&5
configure:5466: $? = 0
configure:5469: test -z 			 || test ! -s conftest.err
configure:5472: $? = 0
configure:5475: test -s conftest.o
configure:5478: $? = 0
configure:5489: result: yes
configure:5502: checking for struct stat.st_blocks
configure:5525: gcc -c -g -O2  conftest.c >&5
configure:5531: $? = 0
configure:5534: test -z 			 || test ! -s conftest.err
configure:5537: $? = 0
configure:5540: test -s conftest.o
configure:5543: $? = 0
configure:5599: result: yes
configure:5625: checking whether time.h and sys/time.h may both be included
configure:5650: gcc -c -g -O2  conftest.c >&5
configure:5656: $? = 0
configure:5659: test -z 			 || test ! -s conftest.err
configure:5662: $? = 0
configure:5665: test -s conftest.o
configure:5668: $? = 0
configure:5679: result: yes
configure:5689: checking whether struct tm is in sys/time.h or time.h
configure:5712: gcc -c -g -O2  conftest.c >&5
configure:5718: $? = 0
configure:5721: test -z 			 || test ! -s conftest.err
configure:5724: $? = 0
configure:5727: test -s conftest.o
configure:5730: $? = 0
configure:5741: result: time.h
configure:5751: checking for unsigned char
configure:5775: gcc -c -g -O2  conftest.c >&5
configure:5781: $? = 0
configure:5784: test -z 			 || test ! -s conftest.err
configure:5787: $? = 0
configure:5790: test -s conftest.o
configure:5793: $? = 0
configure:5804: result: yes
configure:5807: checking size of unsigned char
configure:6119: gcc -o conftest -g -O2   conftest.c  >&5
configure:6122: $? = 0
configure:6124: ./conftest
configure:6127: $? = 0
configure:6150: result: 1
configure:6157: checking for unsigned short
configure:6181: gcc -c -g -O2  conftest.c >&5
configure:6187: $? = 0
configure:6190: test -z 			 || test ! -s conftest.err
configure:6193: $? = 0
configure:6196: test -s conftest.o
configure:6199: $? = 0
configure:6210: result: yes
configure:6213: checking size of unsigned short
configure:6525: gcc -o conftest -g -O2   conftest.c  >&5
configure:6528: $? = 0
configure:6530: ./conftest
configure:6533: $? = 0
configure:6556: result: 2
configure:6563: checking for unsigned int
configure:6587: gcc -c -g -O2  conftest.c >&5
configure:6593: $? = 0
configure:6596: test -z 			 || test ! -s conftest.err
configure:6599: $? = 0
configure:6602: test -s conftest.o
configure:6605: $? = 0
configure:6616: result: yes
configure:6619: checking size of unsigned int
configure:6931: gcc -o conftest -g -O2   conftest.c  >&5
configure:6934: $? = 0
configure:6936: ./conftest
configure:6939: $? = 0
configure:6962: result: 4
configure:6969: checking for unsigned long
configure:6993: gcc -c -g -O2  conftest.c >&5
configure:6999: $? = 0
configure:7002: test -z 			 || test ! -s conftest.err
configure:7005: $? = 0
configure:7008: test -s conftest.o
configure:7011: $? = 0
configure:7022: result: yes
configure:7025: checking size of unsigned long
configure:7337: gcc -o conftest -g -O2   conftest.c  >&5
configure:7340: $? = 0
configure:7342: ./conftest
configure:7345: $? = 0
configure:7368: result: 8
configure:7375: checking for unsigned long long
configure:7399: gcc -c -g -O2  conftest.c >&5
configure:7405: $? = 0
configure:7408: test -z 			 || test ! -s conftest.err
configure:7411: $? = 0
configure:7414: test -s conftest.o
configure:7417: $? = 0
configure:7428: result: yes
configure:7431: checking size of unsigned long long
configure:7743: gcc -o conftest -g -O2   conftest.c  >&5
configure:7746: $? = 0
configure:7748: ./conftest
configure:7751: $? = 0
configure:7774: result: 8
configure:7781: checking for float
configure:7805: gcc -c -g -O2  conftest.c >&5
configure:7811: $? = 0
configure:7814: test -z 			 || test ! -s conftest.err
configure:7817: $? = 0
configure:7820: test -s conftest.o
configure:7823: $? = 0
configure:7834: result: yes
configure:7837: checking size of float
configure:8149: gcc -o conftest -g -O2   conftest.c  >&5
configure:8152: $? = 0
configure:8154: ./conftest
configure:8157: $? = 0
configure:8180: result: 4
configure:8187: checking for double
configure:8211: gcc -c -g -O2  conftest.c >&5
configure:8217: $? = 0
configure:8220: test -z 			 || test ! -s conftest.err
configure:8223: $? = 0
configure:8226: test -s conftest.o
configure:8229: $? = 0
configure:8240: result: yes
configure:8243: checking size of double
configure:8555: gcc -o conftest -g -O2   conftest.c  >&5
configure:8558: $? = 0
configure:8560: ./conftest
configure:8563: $? = 0
configure:8586: result: 8
configure:8593: checking for long double
configure:8617: gcc -c -g -O2  conftest.c >&5
configure:8623: $? = 0
configure:8626: test -z 			 || test ! -s conftest.err
configure:8629: $? = 0
configure:8632: test -s conftest.o
configure:8635: $? = 0
configure:8646: result: yes
configure:8649: checking size of long double
configure:8961: gcc -o conftest -g -O2   conftest.c  >&5
configure:8964: $? = 0
configure:8966: ./conftest
configure:8969: $? = 0
configure:8992: result: 16
configure:8999: checking whether byte ordering is bigendian
configure:9026: gcc -c -g -O2  conftest.c >&5
configure:9032: $? = 0
configure:9035: test -z 			 || test ! -s conftest.err
configure:9038: $? = 0
configure:9041: test -s conftest.o
configure:9044: $? = 0
configure:9068: gcc -c -g -O2  conftest.c >&5
conftest.c: In function 'main':
conftest.c:40:2: error: unknown type name 'not'
  not big endian
  ^
conftest.c:40:10: error: expected '=', ',', ';', 'asm' or '__attribute__' before 'endian'
  not big endian
          ^
configure:9074: $? = 1
configure: failed program was:
| /* confdefs.h.  */
| 
| #define PACKAGE_NAME ""
| #define PACKAGE_TARNAME ""
| #define PACKAGE_VERSION ""
| #define PACKAGE_STRING ""
| #define PACKAGE_BUGREPORT ""
| #define PACKAGE "siag"
| #define VERSION "3.6.1"
| #define HAVE_DIRENT_H 1
| #define STDC_HEADERS 1
| #define HAVE_SYS_TYPES_H 1
| #define HAVE_SYS_STAT_H 1
| #define HAVE_STDLIB_H 1
| #define HAVE_STRING_H 1
| #define HAVE_MEMORY_H 1
| #define HAVE_STRINGS_H 1
| #define HAVE_INTTYPES_H 1
| #define HAVE_STDINT_H 1
| #define HAVE_UNISTD_H 1
| #define HAVE_STRUCT_STAT_ST_BLOCKS 1
| #define HAVE_ST_BLOCKS 1
| #define TIME_WITH_SYS_TIME 1
| #define SIZEOF_UNSIGNED_CHAR 1
| #define SIZEOF_UNSIGNED_SHORT 2
| #define SIZEOF_UNSIGNED_INT 4
| #define SIZEOF_UNSIGNED_LONG 8
| #define SIZEOF_UNSIGNED_LONG_LONG 8
| #define SIZEOF_FLOAT 4
| #define SIZEOF_DOUBLE 8
| #define SIZEOF_LONG_DOUBLE 16
| /* end confdefs.h.  */
| #include <sys/types.h>
| #include <sys/param.h>
| 
| int
| main ()
| {
| #if BYTE_ORDER != BIG_ENDIAN
|  not big endian
| #endif
| 
|   ;
|   return 0;
| }
configure:9207: result: no
configure:9227: checking whether getpgrp requires zero arguments
configure:9249: gcc -c -g -O2  conftest.c >&5
conftest.c: In function 'main':
conftest.c:70:1: error: too many arguments to function 'getpgrp'
 getpgrp (0);
 ^
In file included from conftest.c:65:0:
/usr/include/unistd.h:634:16: note: declared here
 extern __pid_t getpgrp (void) __THROW;
                ^
configure:9255: $? = 1
configure: failed program was:
| /* confdefs.h.  */
| 
| #define PACKAGE_NAME ""
| #define PACKAGE_TARNAME ""
| #define PACKAGE_VERSION ""
| #define PACKAGE_STRING ""
| #define PACKAGE_BUGREPORT ""
| #define PACKAGE "siag"
| #define VERSION "3.6.1"
| #define HAVE_DIRENT_H 1
| #define STDC_HEADERS 1
| #define HAVE_SYS_TYPES_H 1
| #define HAVE_SYS_STAT_H 1
| #define HAVE_STDLIB_H 1
| #define HAVE_STRING_H 1
| #define HAVE_MEMORY_H 1
| #define HAVE_STRINGS_H 1
| #define HAVE_INTTYPES_H 1
| #define HAVE_STDINT_H 1
| #define HAVE_UNISTD_H 1
| #define HAVE_STRUCT_STAT_ST_BLOCKS 1
| #define HAVE_ST_BLOCKS 1
| #define TIME_WITH_SYS_TIME 1
| #define SIZEOF_UNSIGNED_CHAR 1
| #define SIZEOF_UNSIGNED_SHORT 2
| #define SIZEOF_UNSIGNED_INT 4
| #define SIZEOF_UNSIGNED_LONG 8
| #define SIZEOF_UNSIGNED_LONG_LONG 8
| #define SIZEOF_FLOAT 4
| #define SIZEOF_DOUBLE 8
| #define SIZEOF_LONG_DOUBLE 16
| /* end confdefs.h.  */
| #include <stdio.h>
| #if HAVE_SYS_TYPES_H
| # include <sys/types.h>
| #endif
| #if HAVE_SYS_STAT_H
| # include <sys/stat.h>
| #endif
| #if STDC_HEADERS
| # include <stdlib.h>
| # include <stddef.h>
| #else
| # if HAVE_STDLIB_H
| #  include <stdlib.h>
| # endif
| #endif
| #if HAVE_STRING_H
| # if !STDC_HEADERS && HAVE_MEMORY_H
| #  include <memory.h>
| # endif
| # include <string.h>
| #endif
| #if HAVE_STRINGS_H
| # include <strings.h>
| #endif
| #if HAVE_INTTYPES_H
| # include <inttypes.h>
| #else
| # if HAVE_STDINT_H
| #  include <stdint.h>
| # endif
| #endif
| #if HAVE_UNISTD_H
| # include <unistd.h>
| #endif
| int
| main ()
| {
| getpgrp (0);
|   ;
|   return 0;
| }
configure:9279: result: yes
configure:9289: checking for working memcmp
configure:9337: gcc -o conftest -g -O2   conftest.c  >&5
configure:9340: $? = 0
configure:9342: ./conftest
configure:9345: $? = 0
configure:9359: result: yes
configure:9370: checking return type of signal handlers
configure:9401: gcc -c -g -O2  conftest.c >&5
configure:9407: $? = 0
configure:9410: test -z 			 || test ! -s conftest.err
configure:9413: $? = 0
configure:9416: test -s conftest.o
configure:9419: $? = 0
configure:9430: result: void
configure:9442: checking for strftime
configure:9499: gcc -o conftest -g -O2   conftest.c  >&5
conftest.c:59:6: warning: conflicting types for built-in function 'strftime' [enabled by default]
 char strftime ();
      ^
configure:9505: $? = 0
configure:9508: test -z 			 || test ! -s conftest.err
configure:9511: $? = 0
configure:9514: test -s conftest
configure:9517: $? = 0
configure:9529: result: yes
configure:9612: checking whether utime accepts a null argument
configure:9643: gcc -o conftest -g -O2   conftest.c  >&5
configure:9646: $? = 0
configure:9648: ./conftest
configure:9651: $? = 0
configure:9666: result: yes
configure:9681: checking for vprintf
configure:9738: gcc -o conftest -g -O2   conftest.c  >&5
conftest.c:61:6: warning: conflicting types for built-in function 'vprintf' [enabled by default]
 char vprintf ();
      ^
configure:9744: $? = 0
configure:9747: test -z 			 || test ! -s conftest.err
configure:9750: $? = 0
configure:9753: test -s conftest
configure:9756: $? = 0
configure:9768: result: yes
configure:9775: checking for _doprnt
configure:9832: gcc -o conftest -g -O2   conftest.c  >&5
/tmp/ccoGKdQD.o:(.data+0x0): undefined reference to `_doprnt'
/tmp/ccoGKdQD.o: In function `main':
/home/bosko/prog/scheme/siag-3.6.1/conftest.c:78: undefined reference to `_doprnt'
collect2: error: ld returned 1 exit status
configure:9838: $? = 1
configure: failed program was:
| /* confdefs.h.  */
| 
| #define PACKAGE_NAME ""
| #define PACKAGE_TARNAME ""
| #define PACKAGE_VERSION ""
| #define PACKAGE_STRING ""
| #define PACKAGE_BUGREPORT ""
| #define PACKAGE "siag"
| #define VERSION "3.6.1"
| #define HAVE_DIRENT_H 1
| #define STDC_HEADERS 1
| #define HAVE_SYS_TYPES_H 1
| #define HAVE_SYS_STAT_H 1
| #define HAVE_STDLIB_H 1
| #define HAVE_STRING_H 1
| #define HAVE_MEMORY_H 1
| #define HAVE_STRINGS_H 1
| #define HAVE_INTTYPES_H 1
| #define HAVE_STDINT_H 1
| #define HAVE_UNISTD_H 1
| #define HAVE_STRUCT_STAT_ST_BLOCKS 1
| #define HAVE_ST_BLOCKS 1
| #define TIME_WITH_SYS_TIME 1
| #define SIZEOF_UNSIGNED_CHAR 1
| #define SIZEOF_UNSIGNED_SHORT 2
| #define SIZEOF_UNSIGNED_INT 4
| #define SIZEOF_UNSIGNED_LONG 8
| #define SIZEOF_UNSIGNED_LONG_LONG 8
| #define SIZEOF_FLOAT 4
| #define SIZEOF_DOUBLE 8
| #define SIZEOF_LONG_DOUBLE 16
| #define GETPGRP_VOID 1
| #define RETSIGTYPE void
| #define HAVE_STRFTIME 1
| #define HAVE_UTIME_NULL 1
| #define HAVE_VPRINTF 1
| /* end confdefs.h.  */
| /* Define _doprnt to an innocuous variant, in case <limits.h> declares _doprnt.
|    For example, HP-UX 11i <limits.h> declares gettimeofday.  */
| #define _doprnt innocuous__doprnt
| 
| /* System header to define __stub macros and hopefully few prototypes,
|     which can conflict with char _doprnt (); below.
|     Prefer <limits.h> to <assert.h> if __STDC__ is defined, since
|     <limits.h> exists even on freestanding compilers.  */
| 
| #ifdef __STDC__
| # include <limits.h>
| #else
| # include <assert.h>
| #endif
| 
| #undef _doprnt
| 
| /* Override any gcc2 internal prototype to avoid an error.  */
| #ifdef __cplusplus
| extern "C"
| {
| #endif
| /* We use char because int might match the return type of a gcc2
|    builtin and then its argument prototype would still apply.  */
| char _doprnt ();
| /* The GNU C library defines this for functions which it implements
|     to always fail with ENOSYS.  Some functions are actually named
|     something starting with __ and the normal name is an alias.  */
| #if defined (__stub__doprnt) || defined (__stub____doprnt)
| choke me
| #else
| char (*f) () = _doprnt;
| #endif
| #ifdef __cplusplus
| }
| #endif
| 
| int
| main ()
| {
| return f != _doprnt;
|   ;
|   return 0;
| }
configure:9862: result: no
configure:9912: checking for getcwd
configure:9969: gcc -o conftest -g -O2   conftest.c  >&5
configure:9975: $? = 0
configure:9978: test -z 			 || test ! -s conftest.err
configure:9981: $? = 0
configure:9984: test -s conftest
configure:9987: $? = 0
configure:9999: result: yes
configure:9912: checking for gethostname
configure:9969: gcc -o conftest -g -O2   conftest.c  >&5
configure:9975: $? = 0
configure:9978: test -z 			 || test ! -s conftest.err
configure:9981: $? = 0
configure:9984: test -s conftest
configure:9987: $? = 0
configure:9999: result: yes
configure:9912: checking for gettimeofday
configure:9969: gcc -o conftest -g -O2   conftest.c  >&5
configure:9975: $? = 0
configure:9978: test -z 			 || test ! -s conftest.err
configure:9981: $? = 0
configure:9984: test -s conftest
configure:9987: $? = 0
configure:9999: result: yes
configure:9912: checking for mkdir
configure:9969: gcc -o conftest -g -O2   conftest.c  >&5
configure:9975: $? = 0
configure:9978: test -z 			 || test ! -s conftest.err
configure:9981: $? = 0
configure:9984: test -s conftest
configure:9987: $? = 0
configure:9999: result: yes
configure:9912: checking for mktime
configure:9969: gcc -o conftest -g -O2   conftest.c  >&5
configure:9975: $? = 0
configure:9978: test -z 			 || test ! -s conftest.err
configure:9981: $? = 0
configure:9984: test -s conftest
configure:9987: $? = 0
configure:9999: result: yes
configure:9912: checking for putenv
configure:9969: gcc -o conftest -g -O2   conftest.c  >&5
configure:9975: $? = 0
configure:9978: test -z 			 || test ! -s conftest.err
configure:9981: $? = 0
configure:9984: test -s conftest
configure:9987: $? = 0
configure:9999: result: yes
configure:9912: checking for regcomp
configure:9969: gcc -o conftest -g -O2   conftest.c  >&5
configure:9975: $? = 0
configure:9978: test -z 			 || test ! -s conftest.err
configure:9981: $? = 0
configure:9984: test -s conftest
configure:9987: $? = 0
configure:9999: result: yes
configure:9912: checking for rmdir
configure:9969: gcc -o conftest -g -O2   conftest.c  >&5
configure:9975: $? = 0
configure:9978: test -z 			 || test ! -s conftest.err
configure:9981: $? = 0
configure:9984: test -s conftest
configure:9987: $? = 0
configure:9999: result: yes
configure:9912: checking for select
configure:9969: gcc -o conftest -g -O2   conftest.c  >&5
configure:9975: $? = 0
configure:9978: test -z 			 || test ! -s conftest.err
configure:9981: $? = 0
configure:9984: test -s conftest
configure:9987: $? = 0
configure:9999: result: yes
configure:9912: checking for socket
configure:9969: gcc -o conftest -g -O2   conftest.c  >&5
configure:9975: $? = 0
configure:9978: test -z 			 || test ! -s conftest.err
configure:9981: $? = 0
configure:9984: test -s conftest
configure:9987: $? = 0
configure:9999: result: yes
configure:9912: checking for strcspn
configure:9969: gcc -o conftest -g -O2   conftest.c  >&5
conftest.c:72:6: warning: conflicting types for built-in function 'strcspn' [enabled by default]
 char strcspn ();
      ^
configure:9975: $? = 0
configure:9978: test -z 			 || test ! -s conftest.err
configure:9981: $? = 0
configure:9984: test -s conftest
configure:9987: $? = 0
configure:9999: result: yes
configure:9912: checking for strdup
configure:9969: gcc -o conftest -g -O2   conftest.c  >&5
conftest.c:73:6: warning: conflicting types for built-in function 'strdup' [enabled by default]
 char strdup ();
      ^
configure:9975: $? = 0
configure:9978: test -z 			 || test ! -s conftest.err
configure:9981: $? = 0
configure:9984: test -s conftest
configure:9987: $? = 0
configure:9999: result: yes
configure:9912: checking for strerror
configure:9969: gcc -o conftest -g -O2   conftest.c  >&5
configure:9975: $? = 0
configure:9978: test -z 			 || test ! -s conftest.err
configure:9981: $? = 0
configure:9984: test -s conftest
configure:9987: $? = 0
configure:9999: result: yes
configure:9912: checking for strspn
configure:9969: gcc -o conftest -g -O2   conftest.c  >&5
conftest.c:75:6: warning: conflicting types for built-in function 'strspn' [enabled by default]
 char strspn ();
      ^
configure:9975: $? = 0
configure:9978: test -z 			 || test ! -s conftest.err
configure:9981: $? = 0
configure:9984: test -s conftest
configure:9987: $? = 0
configure:9999: result: yes
configure:9912: checking for strstr
configure:9969: gcc -o conftest -g -O2   conftest.c  >&5
conftest.c:76:6: warning: conflicting types for built-in function 'strstr' [enabled by default]
 char strstr ();
      ^
configure:9975: $? = 0
configure:9978: test -z 			 || test ! -s conftest.err
configure:9981: $? = 0
configure:9984: test -s conftest
configure:9987: $? = 0
configure:9999: result: yes
configure:9912: checking for strtod
configure:9969: gcc -o conftest -g -O2   conftest.c  >&5
configure:9975: $? = 0
configure:9978: test -z 			 || test ! -s conftest.err
configure:9981: $? = 0
configure:9984: test -s conftest
configure:9987: $? = 0
configure:9999: result: yes
configure:9912: checking for strtol
configure:9969: gcc -o conftest -g -O2   conftest.c  >&5
configure:9975: $? = 0
configure:9978: test -z 			 || test ! -s conftest.err
configure:9981: $? = 0
configure:9984: test -s conftest
configure:9987: $? = 0
configure:9999: result: yes
configure:10011: checking for fnmatch
configure:10068: gcc -o conftest -g -O2   conftest.c  >&5
configure:10074: $? = 0
configure:10077: test -z 			 || test ! -s conftest.err
configure:10080: $? = 0
configure:10083: test -s conftest
configure:10086: $? = 0
configure:10098: result: yes
configure:10965: checking for main in -lm
configure:10989: gcc -o conftest -g -O2   conftest.c -lm   >&5
configure:10995: $? = 0
configure:10998: test -z 			 || test ! -s conftest.err
configure:11001: $? = 0
configure:11004: test -s conftest
configure:11007: $? = 0
configure:11020: result: yes
configure:11032: checking for acosh
configure:11089: gcc -o conftest -g -O2   conftest.c -lm  >&5
conftest.c:81:6: warning: conflicting types for built-in function 'acosh' [enabled by default]
 char acosh ();
      ^
configure:11095: $? = 0
configure:11098: test -z 			 || test ! -s conftest.err
configure:11101: $? = 0
configure:11104: test -s conftest
configure:11107: $? = 0
configure:11119: result: yes
configure:11129: checking for asinh
configure:11186: gcc -o conftest -g -O2   conftest.c -lm  >&5
conftest.c:82:6: warning: conflicting types for built-in function 'asinh' [enabled by default]
 char asinh ();
      ^
configure:11192: $? = 0
configure:11195: test -z 			 || test ! -s conftest.err
configure:11198: $? = 0
configure:11201: test -s conftest
configure:11204: $? = 0
configure:11216: result: yes
configure:11226: checking for log1p
configure:11283: gcc -o conftest -g -O2   conftest.c -lm  >&5
conftest.c:83:6: warning: conflicting types for built-in function 'log1p' [enabled by default]
 char log1p ();
      ^
configure:11289: $? = 0
configure:11292: test -z 			 || test ! -s conftest.err
configure:11295: $? = 0
configure:11298: test -s conftest
configure:11301: $? = 0
configure:11313: result: yes
configure:11323: checking for expm1
configure:11380: gcc -o conftest -g -O2   conftest.c -lm  >&5
conftest.c:84:6: warning: conflicting types for built-in function 'expm1' [enabled by default]
 char expm1 ();
      ^
configure:11386: $? = 0
configure:11389: test -z 			 || test ! -s conftest.err
configure:11392: $? = 0
configure:11395: test -s conftest
configure:11398: $? = 0
configure:11410: result: yes
configure:11420: checking for cbrt
configure:11477: gcc -o conftest -g -O2   conftest.c -lm  >&5
conftest.c:85:6: warning: conflicting types for built-in function 'cbrt' [enabled by default]
 char cbrt ();
      ^
configure:11483: $? = 0
configure:11486: test -z 			 || test ! -s conftest.err
configure:11489: $? = 0
configure:11492: test -s conftest
configure:11495: $? = 0
configure:11507: result: yes
configure:11517: checking for drem
configure:11574: gcc -o conftest -g -O2   conftest.c -lm  >&5
conftest.c:86:6: warning: conflicting types for built-in function 'drem' [enabled by default]
 char drem ();
      ^
configure:11580: $? = 0
configure:11583: test -z 			 || test ! -s conftest.err
configure:11586: $? = 0
configure:11589: test -s conftest
configure:11592: $? = 0
configure:11604: result: yes
configure:11614: checking for atanh
configure:11671: gcc -o conftest -g -O2   conftest.c -lm  >&5
conftest.c:87:6: warning: conflicting types for built-in function 'atanh' [enabled by default]
 char atanh ();
      ^
configure:11677: $? = 0
configure:11680: test -z 			 || test ! -s conftest.err
configure:11683: $? = 0
configure:11686: test -s conftest
configure:11689: $? = 0
configure:11701: result: yes
configure:11712: checking for main in -lcrypt
configure:11736: gcc -o conftest -g -O2   conftest.c -lcrypt  -lm  >&5
configure:11742: $? = 0
configure:11745: test -z 			 || test ! -s conftest.err
configure:11748: $? = 0
configure:11751: test -s conftest
configure:11754: $? = 0
configure:11767: result: yes
configure:11842: checking for main in -lnsl
configure:11866: gcc -o conftest -g -O2   conftest.c -lnsl  -lm  >&5
configure:11872: $? = 0
configure:11875: test -z 			 || test ! -s conftest.err
configure:11878: $? = 0
configure:11881: test -s conftest
configure:11884: $? = 0
configure:11897: result: yes
configure:11909: checking for connect in -lsocket
configure:11939: gcc -o conftest -g -O2   conftest.c -lsocket  -lnsl -lm  >&5
/usr/bin/ld: cannot find -lsocket
collect2: error: ld returned 1 exit status
configure:11945: $? = 1
configure: failed program was:
| /* confdefs.h.  */
| 
| #define PACKAGE_NAME ""
| #define PACKAGE_TARNAME ""
| #define PACKAGE_VERSION ""
| #define PACKAGE_STRING ""
| #define PACKAGE_BUGREPORT ""
| #define PACKAGE "siag"
| #define VERSION "3.6.1"
| #define HAVE_DIRENT_H 1
| #define STDC_HEADERS 1
| #define HAVE_SYS_TYPES_H 1
| #define HAVE_SYS_STAT_H 1
| #define HAVE_STDLIB_H 1
| #define HAVE_STRING_H 1
| #define HAVE_MEMORY_H 1
| #define HAVE_STRINGS_H 1
| #define HAVE_INTTYPES_H 1
| #define HAVE_STDINT_H 1
| #define HAVE_UNISTD_H 1
| #define HAVE_STRUCT_STAT_ST_BLOCKS 1
| #define HAVE_ST_BLOCKS 1
| #define TIME_WITH_SYS_TIME 1
| #define SIZEOF_UNSIGNED_CHAR 1
| #define SIZEOF_UNSIGNED_SHORT 2
| #define SIZEOF_UNSIGNED_INT 4
| #define SIZEOF_UNSIGNED_LONG 8
| #define SIZEOF_UNSIGNED_LONG_LONG 8
| #define SIZEOF_FLOAT 4
| #define SIZEOF_DOUBLE 8
| #define SIZEOF_LONG_DOUBLE 16
| #define GETPGRP_VOID 1
| #define RETSIGTYPE void
| #define HAVE_STRFTIME 1
| #define HAVE_UTIME_NULL 1
| #define HAVE_VPRINTF 1
| #define HAVE_GETCWD 1
| #define HAVE_GETHOSTNAME 1
| #define HAVE_GETTIMEOFDAY 1
| #define HAVE_MKDIR 1
| #define HAVE_MKTIME 1
| #define HAVE_PUTENV 1
| #define HAVE_REGCOMP 1
| #define HAVE_RMDIR 1
| #define HAVE_SELECT 1
| #define HAVE_SOCKET 1
| #define HAVE_STRCSPN 1
| #define HAVE_STRDUP 1
| #define HAVE_STRERROR 1
| #define HAVE_STRSPN 1
| #define HAVE_STRSTR 1
| #define HAVE_STRTOD 1
| #define HAVE_STRTOL 1
| #define HAVE_FNMATCH 1
| #define HAVE_LIBM 1
| #define HAVE_ACOSH 1
| #define HAVE_ASINH 1
| #define HAVE_LOG1P 1
| #define HAVE_EXPM1 1
| #define HAVE_CBRT 1
| #define HAVE_DREM 1
| #define HAVE_ATANH 1
| #define HAVE_LIBNSL 1
| /* end confdefs.h.  */
| 
| /* Override any gcc2 internal prototype to avoid an error.  */
| #ifdef __cplusplus
| extern "C"
| #endif
| /* We use char because int might match the return type of a gcc2
|    builtin and then its argument prototype would still apply.  */
| char connect ();
| int
| main ()
| {
| connect ();
|   ;
|   return 0;
| }
configure:11970: result: no
configure:12000: checking sys/mode.h usability
configure:12012: gcc -c -g -O2  conftest.c >&5
conftest.c:99:22: fatal error: sys/mode.h: No such file or directory
 #include <sys/mode.h>
                      ^
compilation terminated.
configure:12018: $? = 1
configure: failed program was:
| /* confdefs.h.  */
| 
| #define PACKAGE_NAME ""
| #define PACKAGE_TARNAME ""
| #define PACKAGE_VERSION ""
| #define PACKAGE_STRING ""
| #define PACKAGE_BUGREPORT ""
| #define PACKAGE "siag"
| #define VERSION "3.6.1"
| #define HAVE_DIRENT_H 1
| #define STDC_HEADERS 1
| #define HAVE_SYS_TYPES_H 1
| #define HAVE_SYS_STAT_H 1
| #define HAVE_STDLIB_H 1
| #define HAVE_STRING_H 1
| #define HAVE_MEMORY_H 1
| #define HAVE_STRINGS_H 1
| #define HAVE_INTTYPES_H 1
| #define HAVE_STDINT_H 1
| #define HAVE_UNISTD_H 1
| #define HAVE_STRUCT_STAT_ST_BLOCKS 1
| #define HAVE_ST_BLOCKS 1
| #define TIME_WITH_SYS_TIME 1
| #define SIZEOF_UNSIGNED_CHAR 1
| #define SIZEOF_UNSIGNED_SHORT 2
| #define SIZEOF_UNSIGNED_INT 4
| #define SIZEOF_UNSIGNED_LONG 8
| #define SIZEOF_UNSIGNED_LONG_LONG 8
| #define SIZEOF_FLOAT 4
| #define SIZEOF_DOUBLE 8
| #define SIZEOF_LONG_DOUBLE 16
| #define GETPGRP_VOID 1
| #define RETSIGTYPE void
| #define HAVE_STRFTIME 1
| #define HAVE_UTIME_NULL 1
| #define HAVE_VPRINTF 1
| #define HAVE_GETCWD 1
| #define HAVE_GETHOSTNAME 1
| #define HAVE_GETTIMEOFDAY 1
| #define HAVE_MKDIR 1
| #define HAVE_MKTIME 1
| #define HAVE_PUTENV 1
| #define HAVE_REGCOMP 1
| #define HAVE_RMDIR 1
| #define HAVE_SELECT 1
| #define HAVE_SOCKET 1
| #define HAVE_STRCSPN 1
| #define HAVE_STRDUP 1
| #define HAVE_STRERROR 1
| #define HAVE_STRSPN 1
| #define HAVE_STRSTR 1
| #define HAVE_STRTOD 1
| #define HAVE_STRTOL 1
| #define HAVE_FNMATCH 1
| #define HAVE_LIBM 1
| #define HAVE_ACOSH 1
| #define HAVE_ASINH 1
| #define HAVE_LOG1P 1
| #define HAVE_EXPM1 1
| #define HAVE_CBRT 1
| #define HAVE_DREM 1
| #define HAVE_ATANH 1
| #define HAVE_LIBNSL 1
| /* end confdefs.h.  */
| #include <stdio.h>
| #if HAVE_SYS_TYPES_H
| # include <sys/types.h>
| #endif
| #if HAVE_SYS_STAT_H
| # include <sys/stat.h>
| #endif
| #if STDC_HEADERS
| # include <stdlib.h>
| # include <stddef.h>
| #else
| # if HAVE_STDLIB_H
| #  include <stdlib.h>
| # endif
| #endif
| #if HAVE_STRING_H
| # if !STDC_HEADERS && HAVE_MEMORY_H
| #  include <memory.h>
| # endif
| # include <string.h>
| #endif
| #if HAVE_STRINGS_H
| # include <strings.h>
| #endif
| #if HAVE_INTTYPES_H
| # include <inttypes.h>
| #else
| # if HAVE_STDINT_H
| #  include <stdint.h>
| # endif
| #endif
| #if HAVE_UNISTD_H
| # include <unistd.h>
| #endif
| #include <sys/mode.h>
configure:12040: result: no
configure:12044: checking sys/mode.h presence
configure:12054: gcc -E  conftest.c
conftest.c:65:22: fatal error: sys/mode.h: No such file or directory
 #include <sys/mode.h>
                      ^
compilation terminated.
configure:12060: $? = 1
configure: failed program was:
| /* confdefs.h.  */
| 
| #define PACKAGE_NAME ""
| #define PACKAGE_TARNAME ""
| #define PACKAGE_VERSION ""
| #define PACKAGE_STRING ""
| #define PACKAGE_BUGREPORT ""
| #define PACKAGE "siag"
| #define VERSION "3.6.1"
| #define HAVE_DIRENT_H 1
| #define STDC_HEADERS 1
| #define HAVE_SYS_TYPES_H 1
| #define HAVE_SYS_STAT_H 1
| #define HAVE_STDLIB_H 1
| #define HAVE_STRING_H 1
| #define HAVE_MEMORY_H 1
| #define HAVE_STRINGS_H 1
| #define HAVE_INTTYPES_H 1
| #define HAVE_STDINT_H 1
| #define HAVE_UNISTD_H 1
| #define HAVE_STRUCT_STAT_ST_BLOCKS 1
| #define HAVE_ST_BLOCKS 1
| #define TIME_WITH_SYS_TIME 1
| #define SIZEOF_UNSIGNED_CHAR 1
| #define SIZEOF_UNSIGNED_SHORT 2
| #define SIZEOF_UNSIGNED_INT 4
| #define SIZEOF_UNSIGNED_LONG 8
| #define SIZEOF_UNSIGNED_LONG_LONG 8
| #define SIZEOF_FLOAT 4
| #define SIZEOF_DOUBLE 8
| #define SIZEOF_LONG_DOUBLE 16
| #define GETPGRP_VOID 1
| #define RETSIGTYPE void
| #define HAVE_STRFTIME 1
| #define HAVE_UTIME_NULL 1
| #define HAVE_VPRINTF 1
| #define HAVE_GETCWD 1
| #define HAVE_GETHOSTNAME 1
| #define HAVE_GETTIMEOFDAY 1
| #define HAVE_MKDIR 1
| #define HAVE_MKTIME 1
| #define HAVE_PUTENV 1
| #define HAVE_REGCOMP 1
| #define HAVE_RMDIR 1
| #define HAVE_SELECT 1
| #define HAVE_SOCKET 1
| #define HAVE_STRCSPN 1
| #define HAVE_STRDUP 1
| #define HAVE_STRERROR 1
| #define HAVE_STRSPN 1
| #define HAVE_STRSTR 1
| #define HAVE_STRTOD 1
| #define HAVE_STRTOL 1
| #define HAVE_FNMATCH 1
| #define HAVE_LIBM 1
| #define HAVE_ACOSH 1
| #define HAVE_ASINH 1
| #define HAVE_LOG1P 1
| #define HAVE_EXPM1 1
| #define HAVE_CBRT 1
| #define HAVE_DREM 1
| #define HAVE_ATANH 1
| #define HAVE_LIBNSL 1
| /* end confdefs.h.  */
| #include <sys/mode.h>
configure:12080: result: no
configure:12115: checking for sys/mode.h
configure:12122: result: no
configure:12000: checking fnmatch.h usability
configure:12012: gcc -c -g -O2  conftest.c >&5
configure:12018: $? = 0
configure:12021: test -z 			 || test ! -s conftest.err
configure:12024: $? = 0
configure:12027: test -s conftest.o
configure:12030: $? = 0
configure:12040: result: yes
configure:12044: checking fnmatch.h presence
configure:12054: gcc -E  conftest.c
configure:12060: $? = 0
configure:12080: result: yes
configure:12115: checking for fnmatch.h
configure:12122: result: yes
configure:12000: checking crypt.h usability
configure:12012: gcc -c -g -O2  conftest.c >&5
configure:12018: $? = 0
configure:12021: test -z 			 || test ! -s conftest.err
configure:12024: $? = 0
configure:12027: test -s conftest.o
configure:12030: $? = 0
configure:12040: result: yes
configure:12044: checking crypt.h presence
configure:12054: gcc -E  conftest.c
configure:12060: $? = 0
configure:12080: result: yes
configure:12115: checking for crypt.h
configure:12122: result: yes
configure:12000: checking sys/mkdev.h usability
configure:12012: gcc -c -g -O2  conftest.c >&5
conftest.c:101:23: fatal error: sys/mkdev.h: No such file or directory
 #include <sys/mkdev.h>
                       ^
compilation terminated.
configure:12018: $? = 1
configure: failed program was:
| /* confdefs.h.  */
| 
| #define PACKAGE_NAME ""
| #define PACKAGE_TARNAME ""
| #define PACKAGE_VERSION ""
| #define PACKAGE_STRING ""
| #define PACKAGE_BUGREPORT ""
| #define PACKAGE "siag"
| #define VERSION "3.6.1"
| #define HAVE_DIRENT_H 1
| #define STDC_HEADERS 1
| #define HAVE_SYS_TYPES_H 1
| #define HAVE_SYS_STAT_H 1
| #define HAVE_STDLIB_H 1
| #define HAVE_STRING_H 1
| #define HAVE_MEMORY_H 1
| #define HAVE_STRINGS_H 1
| #define HAVE_INTTYPES_H 1
| #define HAVE_STDINT_H 1
| #define HAVE_UNISTD_H 1
| #define HAVE_STRUCT_STAT_ST_BLOCKS 1
| #define HAVE_ST_BLOCKS 1
| #define TIME_WITH_SYS_TIME 1
| #define SIZEOF_UNSIGNED_CHAR 1
| #define SIZEOF_UNSIGNED_SHORT 2
| #define SIZEOF_UNSIGNED_INT 4
| #define SIZEOF_UNSIGNED_LONG 8
| #define SIZEOF_UNSIGNED_LONG_LONG 8
| #define SIZEOF_FLOAT 4
| #define SIZEOF_DOUBLE 8
| #define SIZEOF_LONG_DOUBLE 16
| #define GETPGRP_VOID 1
| #define RETSIGTYPE void
| #define HAVE_STRFTIME 1
| #define HAVE_UTIME_NULL 1
| #define HAVE_VPRINTF 1
| #define HAVE_GETCWD 1
| #define HAVE_GETHOSTNAME 1
| #define HAVE_GETTIMEOFDAY 1
| #define HAVE_MKDIR 1
| #define HAVE_MKTIME 1
| #define HAVE_PUTENV 1
| #define HAVE_REGCOMP 1
| #define HAVE_RMDIR 1
| #define HAVE_SELECT 1
| #define HAVE_SOCKET 1
| #define HAVE_STRCSPN 1
| #define HAVE_STRDUP 1
| #define HAVE_STRERROR 1
| #define HAVE_STRSPN 1
| #define HAVE_STRSTR 1
| #define HAVE_STRTOD 1
| #define HAVE_STRTOL 1
| #define HAVE_FNMATCH 1
| #define HAVE_LIBM 1
| #define HAVE_ACOSH 1
| #define HAVE_ASINH 1
| #define HAVE_LOG1P 1
| #define HAVE_EXPM1 1
| #define HAVE_CBRT 1
| #define HAVE_DREM 1
| #define HAVE_ATANH 1
| #define HAVE_LIBNSL 1
| #define HAVE_FNMATCH_H 1
| #define HAVE_CRYPT_H 1
| /* end confdefs.h.  */
| #include <stdio.h>
| #if HAVE_SYS_TYPES_H
| # include <sys/types.h>
| #endif
| #if HAVE_SYS_STAT_H
| # include <sys/stat.h>
| #endif
| #if STDC_HEADERS
| # include <stdlib.h>
| # include <stddef.h>
| #else
| # if HAVE_STDLIB_H
| #  include <stdlib.h>
| # endif
| #endif
| #if HAVE_STRING_H
| # if !STDC_HEADERS && HAVE_MEMORY_H
| #  include <memory.h>
| # endif
| # include <string.h>
| #endif
| #if HAVE_STRINGS_H
| # include <strings.h>
| #endif
| #if HAVE_INTTYPES_H
| # include <inttypes.h>
| #else
| # if HAVE_STDINT_H
| #  include <stdint.h>
| # endif
| #endif
| #if HAVE_UNISTD_H
| # include <unistd.h>
| #endif
| #include <sys/mkdev.h>
configure:12040: result: no
configure:12044: checking sys/mkdev.h presence
configure:12054: gcc -E  conftest.c
conftest.c:67:23: fatal error: sys/mkdev.h: No such file or directory
 #include <sys/mkdev.h>
                       ^
compilation terminated.
configure:12060: $? = 1
configure: failed program was:
| /* confdefs.h.  */
| 
| #define PACKAGE_NAME ""
| #define PACKAGE_TARNAME ""
| #define PACKAGE_VERSION ""
| #define PACKAGE_STRING ""
| #define PACKAGE_BUGREPORT ""
| #define PACKAGE "siag"
| #define VERSION "3.6.1"
| #define HAVE_DIRENT_H 1
| #define STDC_HEADERS 1
| #define HAVE_SYS_TYPES_H 1
| #define HAVE_SYS_STAT_H 1
| #define HAVE_STDLIB_H 1
| #define HAVE_STRING_H 1
| #define HAVE_MEMORY_H 1
| #define HAVE_STRINGS_H 1
| #define HAVE_INTTYPES_H 1
| #define HAVE_STDINT_H 1
| #define HAVE_UNISTD_H 1
| #define HAVE_STRUCT_STAT_ST_BLOCKS 1
| #define HAVE_ST_BLOCKS 1
| #define TIME_WITH_SYS_TIME 1
| #define SIZEOF_UNSIGNED_CHAR 1
| #define SIZEOF_UNSIGNED_SHORT 2
| #define SIZEOF_UNSIGNED_INT 4
| #define SIZEOF_UNSIGNED_LONG 8
| #define SIZEOF_UNSIGNED_LONG_LONG 8
| #define SIZEOF_FLOAT 4
| #define SIZEOF_DOUBLE 8
| #define SIZEOF_LONG_DOUBLE 16
| #define GETPGRP_VOID 1
| #define RETSIGTYPE void
| #define HAVE_STRFTIME 1
| #define HAVE_UTIME_NULL 1
| #define HAVE_VPRINTF 1
| #define HAVE_GETCWD 1
| #define HAVE_GETHOSTNAME 1
| #define HAVE_GETTIMEOFDAY 1
| #define HAVE_MKDIR 1
| #define HAVE_MKTIME 1
| #define HAVE_PUTENV 1
| #define HAVE_REGCOMP 1
| #define HAVE_RMDIR 1
| #define HAVE_SELECT 1
| #define HAVE_SOCKET 1
| #define HAVE_STRCSPN 1
| #define HAVE_STRDUP 1
| #define HAVE_STRERROR 1
| #define HAVE_STRSPN 1
| #define HAVE_STRSTR 1
| #define HAVE_STRTOD 1
| #define HAVE_STRTOL 1
| #define HAVE_FNMATCH 1
| #define HAVE_LIBM 1
| #define HAVE_ACOSH 1
| #define HAVE_ASINH 1
| #define HAVE_LOG1P 1
| #define HAVE_EXPM1 1
| #define HAVE_CBRT 1
| #define HAVE_DREM 1
| #define HAVE_ATANH 1
| #define HAVE_LIBNSL 1
| #define HAVE_FNMATCH_H 1
| #define HAVE_CRYPT_H 1
| /* end confdefs.h.  */
| #include <sys/mkdev.h>
configure:12080: result: no
configure:12115: checking for sys/mkdev.h
configure:12122: result: no
configure:12000: checking fcntl.h usability
configure:12012: gcc -c -g -O2  conftest.c >&5
configure:12018: $? = 0
configure:12021: test -z 			 || test ! -s conftest.err
configure:12024: $? = 0
configure:12027: test -s conftest.o
configure:12030: $? = 0
configure:12040: result: yes
configure:12044: checking fcntl.h presence
configure:12054: gcc -E  conftest.c
configure:12060: $? = 0
configure:12080: result: yes
configure:12115: checking for fcntl.h
configure:12122: result: yes
configure:12149: checking for setpwfile
configure:12206: gcc -o conftest -g -O2   conftest.c -lnsl -lm  >&5
/tmp/ccE4q9oU.o:(.data+0x0): undefined reference to `setpwfile'
/tmp/ccE4q9oU.o: In function `main':
/home/bosko/prog/scheme/siag-3.6.1/conftest.c:108: undefined reference to `setpwfile'
collect2: error: ld returned 1 exit status
configure:12212: $? = 1
configure: failed program was:
| /* confdefs.h.  */
| 
| #define PACKAGE_NAME ""
| #define PACKAGE_TARNAME ""
| #define PACKAGE_VERSION ""
| #define PACKAGE_STRING ""
| #define PACKAGE_BUGREPORT ""
| #define PACKAGE "siag"
| #define VERSION "3.6.1"
| #define HAVE_DIRENT_H 1
| #define STDC_HEADERS 1
| #define HAVE_SYS_TYPES_H 1
| #define HAVE_SYS_STAT_H 1
| #define HAVE_STDLIB_H 1
| #define HAVE_STRING_H 1
| #define HAVE_MEMORY_H 1
| #define HAVE_STRINGS_H 1
| #define HAVE_INTTYPES_H 1
| #define HAVE_STDINT_H 1
| #define HAVE_UNISTD_H 1
| #define HAVE_STRUCT_STAT_ST_BLOCKS 1
| #define HAVE_ST_BLOCKS 1
| #define TIME_WITH_SYS_TIME 1
| #define SIZEOF_UNSIGNED_CHAR 1
| #define SIZEOF_UNSIGNED_SHORT 2
| #define SIZEOF_UNSIGNED_INT 4
| #define SIZEOF_UNSIGNED_LONG 8
| #define SIZEOF_UNSIGNED_LONG_LONG 8
| #define SIZEOF_FLOAT 4
| #define SIZEOF_DOUBLE 8
| #define SIZEOF_LONG_DOUBLE 16
| #define GETPGRP_VOID 1
| #define RETSIGTYPE void
| #define HAVE_STRFTIME 1
| #define HAVE_UTIME_NULL 1
| #define HAVE_VPRINTF 1
| #define HAVE_GETCWD 1
| #define HAVE_GETHOSTNAME 1
| #define HAVE_GETTIMEOFDAY 1
| #define HAVE_MKDIR 1
| #define HAVE_MKTIME 1
| #define HAVE_PUTENV 1
| #define HAVE_REGCOMP 1
| #define HAVE_RMDIR 1
| #define HAVE_SELECT 1
| #define HAVE_SOCKET 1
| #define HAVE_STRCSPN 1
| #define HAVE_STRDUP 1
| #define HAVE_STRERROR 1
| #define HAVE_STRSPN 1
| #define HAVE_STRSTR 1
| #define HAVE_STRTOD 1
| #define HAVE_STRTOL 1
| #define HAVE_FNMATCH 1
| #define HAVE_LIBM 1
| #define HAVE_ACOSH 1
| #define HAVE_ASINH 1
| #define HAVE_LOG1P 1
| #define HAVE_EXPM1 1
| #define HAVE_CBRT 1
| #define HAVE_DREM 1
| #define HAVE_ATANH 1
| #define HAVE_LIBNSL 1
| #define HAVE_FNMATCH_H 1
| #define HAVE_CRYPT_H 1
| #define HAVE_FCNTL_H 1
| /* end confdefs.h.  */
| /* Define setpwfile to an innocuous variant, in case <limits.h> declares setpwfile.
|    For example, HP-UX 11i <limits.h> declares gettimeofday.  */
| #define setpwfile innocuous_setpwfile
| 
| /* System header to define __stub macros and hopefully few prototypes,
|     which can conflict with char setpwfile (); below.
|     Prefer <limits.h> to <assert.h> if __STDC__ is defined, since
|     <limits.h> exists even on freestanding compilers.  */
| 
| #ifdef __STDC__
| # include <limits.h>
| #else
| # include <assert.h>
| #endif
| 
| #undef setpwfile
| 
| /* Override any gcc2 internal prototype to avoid an error.  */
| #ifdef __cplusplus
| extern "C"
| {
| #endif
| /* We use char because int might match the return type of a gcc2
|    builtin and then its argument prototype would still apply.  */
| char setpwfile ();
| /* The GNU C library defines this for functions which it implements
|     to always fail with ENOSYS.  Some functions are actually named
|     something starting with __ and the normal name is an alias.  */
| #if defined (__stub_setpwfile) || defined (__stub___setpwfile)
| choke me
| #else
| char (*f) () = setpwfile;
| #endif
| #ifdef __cplusplus
| }
| #endif
| 
| int
| main ()
| {
| return f != setpwfile;
|   ;
|   return 0;
| }
configure:12236: result: no
configure:12149: checking for getrlimit
configure:12206: gcc -o conftest -g -O2   conftest.c -lnsl -lm  >&5
configure:12212: $? = 0
configure:12215: test -z 			 || test ! -s conftest.err
configure:12218: $? = 0
configure:12221: test -s conftest
configure:12224: $? = 0
configure:12236: result: yes
configure:12149: checking for getrusage
configure:12206: gcc -o conftest -g -O2   conftest.c -lnsl -lm  >&5
configure:12212: $? = 0
configure:12215: test -z 			 || test ! -s conftest.err
configure:12218: $? = 0
configure:12221: test -s conftest
configure:12224: $? = 0
configure:12236: result: yes
configure:12149: checking for fnmatch
configure:12236: result: yes
configure:12149: checking for usleep
configure:12206: gcc -o conftest -g -O2   conftest.c -lnsl -lm  >&5
configure:12212: $? = 0
configure:12215: test -z 			 || test ! -s conftest.err
configure:12218: $? = 0
configure:12221: test -s conftest
configure:12224: $? = 0
configure:12236: result: yes
configure:12149: checking for lchown
configure:12206: gcc -o conftest -g -O2   conftest.c -lnsl -lm  >&5
configure:12212: $? = 0
configure:12215: test -z 			 || test ! -s conftest.err
configure:12218: $? = 0
configure:12221: test -s conftest
configure:12224: $? = 0
configure:12236: result: yes
configure:12149: checking for strptime
configure:12206: gcc -o conftest -g -O2   conftest.c -lnsl -lm  >&5
configure:12212: $? = 0
configure:12215: test -z 			 || test ! -s conftest.err
configure:12218: $? = 0
configure:12221: test -s conftest
configure:12224: $? = 0
configure:12236: result: yes
configure:12149: checking for putpwent
configure:12206: gcc -o conftest -g -O2   conftest.c -lnsl -lm  >&5
configure:12212: $? = 0
configure:12215: test -z 			 || test ! -s conftest.err
configure:12218: $? = 0
configure:12221: test -s conftest
configure:12224: $? = 0
configure:12236: result: yes
configure:12149: checking for getwd
configure:12206: gcc -o conftest -g -O2   conftest.c -lnsl -lm  >&5
/tmp/ccox9LNc.o:(.data+0x0): warning: the `getwd' function is dangerous and should not be used.
configure:12212: $? = 0
configure:12215: test -z 			 || test ! -s conftest.err
configure:12218: $? = 0
configure:12221: test -s conftest
configure:12224: $? = 0
configure:12236: result: yes
configure:13367: checking for main in -lXext
configure:13391: gcc -o conftest -g -O2    conftest.c -lXext  -lSM -lICE   -lXt -lX11 -lnsl -lm  >&5
configure:13397: $? = 0
configure:13400: test -z 			 || test ! -s conftest.err
configure:13403: $? = 0
configure:13406: test -s conftest
configure:13409: $? = 0
configure:13422: result: yes
configure:13434: checking for main in -lXmu
configure:13458: gcc -o conftest -g -O2    conftest.c -lXmu -lXext  -lSM -lICE   -lXt -lX11 -lnsl -lm  >&5
/usr/bin/ld: cannot find -lXmu
collect2: error: ld returned 1 exit status
configure:13464: $? = 1
configure: failed program was:
| /* confdefs.h.  */
| 
| #define PACKAGE_NAME ""
| #define PACKAGE_TARNAME ""
| #define PACKAGE_VERSION ""
| #define PACKAGE_STRING ""
| #define PACKAGE_BUGREPORT ""
| #define PACKAGE "siag"
| #define VERSION "3.6.1"
| #define HAVE_DIRENT_H 1
| #define STDC_HEADERS 1
| #define HAVE_SYS_TYPES_H 1
| #define HAVE_SYS_STAT_H 1
| #define HAVE_STDLIB_H 1
| #define HAVE_STRING_H 1
| #define HAVE_MEMORY_H 1
| #define HAVE_STRINGS_H 1
| #define HAVE_INTTYPES_H 1
| #define HAVE_STDINT_H 1
| #define HAVE_UNISTD_H 1
| #define HAVE_STRUCT_STAT_ST_BLOCKS 1
| #define HAVE_ST_BLOCKS 1
| #define TIME_WITH_SYS_TIME 1
| #define SIZEOF_UNSIGNED_CHAR 1
| #define SIZEOF_UNSIGNED_SHORT 2
| #define SIZEOF_UNSIGNED_INT 4
| #define SIZEOF_UNSIGNED_LONG 8
| #define SIZEOF_UNSIGNED_LONG_LONG 8
| #define SIZEOF_FLOAT 4
| #define SIZEOF_DOUBLE 8
| #define SIZEOF_LONG_DOUBLE 16
| #define GETPGRP_VOID 1
| #define RETSIGTYPE void
| #define HAVE_STRFTIME 1
| #define HAVE_UTIME_NULL 1
| #define HAVE_VPRINTF 1
| #define HAVE_GETCWD 1
| #define HAVE_GETHOSTNAME 1
| #define HAVE_GETTIMEOFDAY 1
| #define HAVE_MKDIR 1
| #define HAVE_MKTIME 1
| #define HAVE_PUTENV 1
| #define HAVE_REGCOMP 1
| #define HAVE_RMDIR 1
| #define HAVE_SELECT 1
| #define HAVE_SOCKET 1
| #define HAVE_STRCSPN 1
| #define HAVE_STRDUP 1
| #define HAVE_STRERROR 1
| #define HAVE_STRSPN 1
| #define HAVE_STRSTR 1
| #define HAVE_STRTOD 1
| #define HAVE_STRTOL 1
| #define HAVE_FNMATCH 1
| #define HAVE_LIBM 1
| #define HAVE_ACOSH 1
| #define HAVE_ASINH 1
| #define HAVE_LOG1P 1
| #define HAVE_EXPM1 1
| #define HAVE_CBRT 1
| #define HAVE_DREM 1
| #define HAVE_ATANH 1
| #define HAVE_LIBNSL 1
| #define HAVE_FNMATCH_H 1
| #define HAVE_CRYPT_H 1
| #define HAVE_FCNTL_H 1
| #define HAVE_GETRLIMIT 1
| #define HAVE_GETRUSAGE 1
| #define HAVE_FNMATCH 1
| #define HAVE_USLEEP 1
| #define HAVE_LCHOWN 1
| #define HAVE_STRPTIME 1
| #define HAVE_PUTPWENT 1
| #define HAVE_GETWD 1
| #define HAVE_LIBXEXT 1
| /* end confdefs.h.  */
| 
| 
| int
| main ()
| {
| main ();
|   ;
|   return 0;
| }
configure:13489: result: no
configure:13495: checking for XCreateIC in -lX11
configure:13525: gcc -o conftest -g -O2    conftest.c -lX11  -lnsl -lm  >&5
configure:13531: $? = 0
configure:13534: test -z 			 || test ! -s conftest.err
configure:13537: $? = 0
configure:13540: test -s conftest
configure:13543: $? = 0
configure:13556: result: yes
configure:13567: checking for main in -lXpm
configure:13591: gcc -o conftest -g -O2    conftest.c -lXpm -lXext  -lSM -lICE   -lXt -lX11 -lnsl -lm  >&5
/usr/bin/ld: cannot find -lXpm
collect2: error: ld returned 1 exit status
configure:13597: $? = 1
configure: failed program was:
| /* confdefs.h.  */
| 
| #define PACKAGE_NAME ""
| #define PACKAGE_TARNAME ""
| #define PACKAGE_VERSION ""
| #define PACKAGE_STRING ""
| #define PACKAGE_BUGREPORT ""
| #define PACKAGE "siag"
| #define VERSION "3.6.1"
| #define HAVE_DIRENT_H 1
| #define STDC_HEADERS 1
| #define HAVE_SYS_TYPES_H 1
| #define HAVE_SYS_STAT_H 1
| #define HAVE_STDLIB_H 1
| #define HAVE_STRING_H 1
| #define HAVE_MEMORY_H 1
| #define HAVE_STRINGS_H 1
| #define HAVE_INTTYPES_H 1
| #define HAVE_STDINT_H 1
| #define HAVE_UNISTD_H 1
| #define HAVE_STRUCT_STAT_ST_BLOCKS 1
| #define HAVE_ST_BLOCKS 1
| #define TIME_WITH_SYS_TIME 1
| #define SIZEOF_UNSIGNED_CHAR 1
| #define SIZEOF_UNSIGNED_SHORT 2
| #define SIZEOF_UNSIGNED_INT 4
| #define SIZEOF_UNSIGNED_LONG 8
| #define SIZEOF_UNSIGNED_LONG_LONG 8
| #define SIZEOF_FLOAT 4
| #define SIZEOF_DOUBLE 8
| #define SIZEOF_LONG_DOUBLE 16
| #define GETPGRP_VOID 1
| #define RETSIGTYPE void
| #define HAVE_STRFTIME 1
| #define HAVE_UTIME_NULL 1
| #define HAVE_VPRINTF 1
| #define HAVE_GETCWD 1
| #define HAVE_GETHOSTNAME 1
| #define HAVE_GETTIMEOFDAY 1
| #define HAVE_MKDIR 1
| #define HAVE_MKTIME 1
| #define HAVE_PUTENV 1
| #define HAVE_REGCOMP 1
| #define HAVE_RMDIR 1
| #define HAVE_SELECT 1
| #define HAVE_SOCKET 1
| #define HAVE_STRCSPN 1
| #define HAVE_STRDUP 1
| #define HAVE_STRERROR 1
| #define HAVE_STRSPN 1
| #define HAVE_STRSTR 1
| #define HAVE_STRTOD 1
| #define HAVE_STRTOL 1
| #define HAVE_FNMATCH 1
| #define HAVE_LIBM 1
| #define HAVE_ACOSH 1
| #define HAVE_ASINH 1
| #define HAVE_LOG1P 1
| #define HAVE_EXPM1 1
| #define HAVE_CBRT 1
| #define HAVE_DREM 1
| #define HAVE_ATANH 1
| #define HAVE_LIBNSL 1
| #define HAVE_FNMATCH_H 1
| #define HAVE_CRYPT_H 1
| #define HAVE_FCNTL_H 1
| #define HAVE_GETRLIMIT 1
| #define HAVE_GETRUSAGE 1
| #define HAVE_FNMATCH 1
| #define HAVE_USLEEP 1
| #define HAVE_LCHOWN 1
| #define HAVE_STRPTIME 1
| #define HAVE_PUTPWENT 1
| #define HAVE_GETWD 1
| #define HAVE_LIBXEXT 1
| #define HAVE_XCREATEIC 1
| /* end confdefs.h.  */
| 
| 
| int
| main ()
| {
| main ();
|   ;
|   return 0;
| }
configure:13622: result: no

## ---------------- ##
## Cache variables. ##
## ---------------- ##

ac_cv_c_bigendian=no
ac_cv_c_compiler_gnu=yes
ac_cv_c_const=yes
ac_cv_env_CC_set=
ac_cv_env_CC_value=
ac_cv_env_CFLAGS_set=
ac_cv_env_CFLAGS_value=
ac_cv_env_CPPFLAGS_set=
ac_cv_env_CPPFLAGS_value=
ac_cv_env_CPP_set=
ac_cv_env_CPP_value=
ac_cv_env_LDFLAGS_set=
ac_cv_env_LDFLAGS_value=
ac_cv_env_build_alias_set=
ac_cv_env_build_alias_value=
ac_cv_env_host_alias_set=
ac_cv_env_host_alias_value=
ac_cv_env_target_alias_set=
ac_cv_env_target_alias_value=
ac_cv_exeext=
ac_cv_func__doprnt=no
ac_cv_func_acosh=yes
ac_cv_func_asinh=yes
ac_cv_func_atanh=yes
ac_cv_func_cbrt=yes
ac_cv_func_connect=yes
ac_cv_func_drem=yes
ac_cv_func_expm1=yes
ac_cv_func_fnmatch=yes
ac_cv_func_getcwd=yes
ac_cv_func_gethostbyname=yes
ac_cv_func_gethostname=yes
ac_cv_func_getpgrp_void=yes
ac_cv_func_getrlimit=yes
ac_cv_func_getrusage=yes
ac_cv_func_gettimeofday=yes
ac_cv_func_getwd=yes
ac_cv_func_lchown=yes
ac_cv_func_log1p=yes
ac_cv_func_memcmp_working=yes
ac_cv_func_mkdir=yes
ac_cv_func_mktime=yes
ac_cv_func_putenv=yes
ac_cv_func_putpwent=yes
ac_cv_func_regcomp=yes
ac_cv_func_remove=yes
ac_cv_func_rmdir=yes
ac_cv_func_select=yes
ac_cv_func_setpwfile=no
ac_cv_func_shmat=yes
ac_cv_func_socket=yes
ac_cv_func_strcspn=yes
ac_cv_func_strdup=yes
ac_cv_func_strerror=yes
ac_cv_func_strftime=yes
ac_cv_func_strptime=yes
ac_cv_func_strspn=yes
ac_cv_func_strstr=yes
ac_cv_func_strtod=yes
ac_cv_func_strtol=yes
ac_cv_func_usleep=yes
ac_cv_func_utime_null=yes
ac_cv_func_vprintf=yes
ac_cv_have_x='have_x=yes 		ac_x_includes= ac_x_libraries='
ac_cv_header_crypt_h=yes
ac_cv_header_dirent_dirent_h=yes
ac_cv_header_fcntl_h=yes
ac_cv_header_fnmatch_h=yes
ac_cv_header_inttypes_h=yes
ac_cv_header_memory_h=yes
ac_cv_header_stdc=yes
ac_cv_header_stdint_h=yes
ac_cv_header_stdlib_h=yes
ac_cv_header_string_h=yes
ac_cv_header_strings_h=yes
ac_cv_header_sys_mkdev_h=no
ac_cv_header_sys_mode_h=no
ac_cv_header_sys_stat_h=yes
ac_cv_header_sys_types_h=yes
ac_cv_header_sys_types_h_makedev=yes
ac_cv_header_time=yes
ac_cv_header_unistd_h=yes
ac_cv_lib_ICE_IceConnectionNumber=yes
ac_cv_lib_X11_XCreateIC=yes
ac_cv_lib_Xext_main=yes
ac_cv_lib_Xmu_main=no
ac_cv_lib_Xpm_main=no
ac_cv_lib_cposix_strerror=no
ac_cv_lib_crypt_main=yes
ac_cv_lib_m_main=yes
ac_cv_lib_nsl_main=yes
ac_cv_lib_socket_connect=no
ac_cv_member_struct_stat_st_blocks=yes
ac_cv_objext=o
ac_cv_path_install='/usr/bin/install -c'
ac_cv_prog_CPP='gcc -E'
ac_cv_prog_ac_ct_CC=gcc
ac_cv_prog_ac_ct_RANLIB=ranlib
ac_cv_prog_cc_g=yes
ac_cv_prog_cc_stdc=
ac_cv_prog_egrep='grep -E'
ac_cv_prog_make_make_set=yes
ac_cv_search_opendir='none required'
ac_cv_sizeof_double=8
ac_cv_sizeof_float=4
ac_cv_sizeof_long_double=16
ac_cv_sizeof_unsigned_char=1
ac_cv_sizeof_unsigned_int=4
ac_cv_sizeof_unsigned_long=8
ac_cv_sizeof_unsigned_long_long=8
ac_cv_sizeof_unsigned_short=2
ac_cv_struct_tm=time.h
ac_cv_type_double=yes
ac_cv_type_float=yes
ac_cv_type_long_double=yes
ac_cv_type_signal=void
ac_cv_type_size_t=yes
ac_cv_type_unsigned_char=yes
ac_cv_type_unsigned_int=yes
ac_cv_type_unsigned_long=yes
ac_cv_type_unsigned_long_long=yes
ac_cv_type_unsigned_short=yes

## ----------------- ##
## Output variables. ##
## ----------------- ##

ACLOCAL='/home/bosko/prog/scheme/siag-3.6.1/missing aclocal-1.4'
AUTOCONF='autoconf'
AUTOHEADER='autoheader'
AUTOMAKE='/home/bosko/prog/scheme/siag-3.6.1/missing automake-1.4'
CC='gcc'
CCMATH=''
CFLAGS='-g -O2'
CPP='gcc -E'
CPPFLAGS=''
DEFS=''
ECHO_C=''
ECHO_N='-n'
ECHO_T=''
EGREP='grep -E'
EXEEXT=''
INSTALL_DATA='${INSTALL} -m 644'
INSTALL_PROGRAM='${INSTALL}'
INSTALL_SCRIPT='${INSTALL}'
INTERPRETERS=''
KDEINST=''
LDFLAGS=' '
LIBCCMATH=''
LIBCURSES=''
LIBOBJS=''
LIBPERL=''
LIBS='-lnsl -lm '
LIBSYSDEP='-lcrypt'
LIBT1=''
LIBT1X=''
LN_S='ln -s'
LTLIBOBJS=''
MAKEINFO='/home/bosko/prog/scheme/siag-3.6.1/missing makeinfo'
MY_X_LIBS='-lXext'
NDBM=''
OBJEXT='o'
PACKAGE='siag'
PACKAGE_BUGREPORT=''
PACKAGE_NAME=''
PACKAGE_STRING=''
PACKAGE_TARNAME=''
PACKAGE_VERSION=''
PATH_SEPARATOR=':'
PERL=''
PERLINC=''
RANLIB='ranlib'
SET_MAKE=''
SHELL='/bin/bash'
VERSION='3.6.1'
X_CFLAGS=''
X_EXTRA_LIBS=''
X_LIBS=''
X_PRE_LIBS=' -lSM -lICE'
ac_ct_CC='gcc'
ac_ct_RANLIB='ranlib'
bindir='${exec_prefix}/bin'
build_alias=''
datadir='${prefix}/share'
docdir=''
exec_prefix='NONE'
host_alias=''
includedir='${prefix}/include'
infodir='${prefix}/info'
libdir='${exec_prefix}/lib'
libexecdir='${exec_prefix}/libexec'
localstatedir='${prefix}/var'
mandir='${prefix}/man'
oldincludedir='/usr/include'
prefix='NONE'
program_transform_name='s,x,x,'
sbindir='${exec_prefix}/sbin'
sharedstatedir='${prefix}/com'
sysconfdir='${prefix}/etc'
target_alias=''

## ----------- ##
## confdefs.h. ##
## ----------- ##

#define GETPGRP_VOID 1
#define HAVE_ACOSH 1
#define HAVE_ASINH 1
#define HAVE_ATANH 1
#define HAVE_CBRT 1
#define HAVE_CRYPT_H 1
#define HAVE_DIRENT_H 1
#define HAVE_DREM 1
#define HAVE_EXPM1 1
#define HAVE_FCNTL_H 1
#define HAVE_FNMATCH 1
#define HAVE_FNMATCH 1
#define HAVE_FNMATCH_H 1
#define HAVE_GETCWD 1
#define HAVE_GETHOSTNAME 1
#define HAVE_GETRLIMIT 1
#define HAVE_GETRUSAGE 1
#define HAVE_GETTIMEOFDAY 1
#define HAVE_GETWD 1
#define HAVE_INTTYPES_H 1
#define HAVE_LCHOWN 1
#define HAVE_LIBM 1
#define HAVE_LIBNSL 1
#define HAVE_LIBXEXT 1
#define HAVE_LOG1P 1
#define HAVE_MEMORY_H 1
#define HAVE_MKDIR 1
#define HAVE_MKTIME 1
#define HAVE_PUTENV 1
#define HAVE_PUTPWENT 1
#define HAVE_REGCOMP 1
#define HAVE_RMDIR 1
#define HAVE_SELECT 1
#define HAVE_SOCKET 1
#define HAVE_STDINT_H 1
#define HAVE_STDLIB_H 1
#define HAVE_STRCSPN 1
#define HAVE_STRDUP 1
#define HAVE_STRERROR 1
#define HAVE_STRFTIME 1
#define HAVE_STRINGS_H 1
#define HAVE_STRING_H 1
#define HAVE_STRPTIME 1
#define HAVE_STRSPN 1
#define HAVE_STRSTR 1
#define HAVE_STRTOD 1
#define HAVE_STRTOL 1
#define HAVE_STRUCT_STAT_ST_BLOCKS 1
#define HAVE_ST_BLOCKS 1
#define HAVE_SYS_STAT_H 1
#define HAVE_SYS_TYPES_H 1
#define HAVE_UNISTD_H 1
#define HAVE_USLEEP 1
#define HAVE_UTIME_NULL 1
#define HAVE_VPRINTF 1
#define HAVE_XCREATEIC 1
#define PACKAGE "siag"
#define PACKAGE_BUGREPORT ""
#define PACKAGE_NAME ""
#define PACKAGE_STRING ""
#define PACKAGE_TARNAME ""
#define PACKAGE_VERSION ""
#define RETSIGTYPE void
#define SIZEOF_DOUBLE 8
#define SIZEOF_FLOAT 4
#define SIZEOF_LONG_DOUBLE 16
#define SIZEOF_UNSIGNED_CHAR 1
#define SIZEOF_UNSIGNED_INT 4
#define SIZEOF_UNSIGNED_LONG 8
#define SIZEOF_UNSIGNED_LONG_LONG 8
#define SIZEOF_UNSIGNED_SHORT 2
#define STDC_HEADERS 1
#define TIME_WITH_SYS_TIME 1
#define VERSION "3.6.1"

configure: exit 1
